<?xml version="1.0" encoding="UTF-8"?>
<testng-results total="1" passed="1" failed="0" skipped="0">
  <reporter-output>
  </reporter-output>
  <suite started-at="2019-10-20T11:27:37Z" name="Suite" finished-at="2019-10-20T11:27:37Z" duration-ms="25">
    <groups>
    </groups>
    <test started-at="2019-10-20T11:27:37Z" name="Test" finished-at="2019-10-20T11:27:37Z" duration-ms="25">
      <class name="TestOne.TestOne.Sample">
        <test-method signature="f()[pri:0, instance:TestOne.TestOne.Sample@43bd930a]" started-at="2019-10-20T12:27:37Z" name="f" finished-at="2019-10-20T12:27:37Z" duration-ms="8" status="PASS">
          <reporter-output>
          </reporter-output>
        </test-method> <!-- f -->
      </class> <!-- TestOne.TestOne.Sample -->
    </test> <!-- Test -->
  </suite> <!-- Suite -->
</testng-results>
